0 info it worked if it ends with ok
1 verbose cli [ '/usr/bin/node', '/usr/bin/npm', 'start' ]
2 info using npm@2.7.5
3 info using node@v0.12.2
4 verbose stack Error: missing script: start
4 verbose stack     at run (/usr/lib/node_modules/npm/lib/run-script.js:165:19)
4 verbose stack     at /usr/lib/node_modules/npm/lib/run-script.js:81:5
4 verbose stack     at /usr/lib/node_modules/npm/node_modules/read-package-json/read-json.js:52:40
4 verbose stack     at /usr/lib/node_modules/npm/node_modules/read-package-json/read-json.js:376:33
4 verbose stack     at checkBinReferences_ (/usr/lib/node_modules/npm/node_modules/read-package-json/read-json.js:341:59)
4 verbose stack     at final (/usr/lib/node_modules/npm/node_modules/read-package-json/read-json.js:373:17)
4 verbose stack     at then (/usr/lib/node_modules/npm/node_modules/read-package-json/read-json.js:127:33)
4 verbose stack     at /usr/lib/node_modules/npm/node_modules/read-package-json/read-json.js:332:40
4 verbose stack     at evalmachine.<anonymous>:334:14
4 verbose stack     at /usr/lib/node_modules/npm/node_modules/graceful-fs/graceful-fs.js:102:5
5 verbose cwd /home/frikkie/Documents/UP/COS301/Phase4/Integration/Content
6 error Linux 3.19.2-1-ARCH
7 error argv "/usr/bin/node" "/usr/bin/npm" "start"
8 error node v0.12.2
9 error npm  v2.7.5
10 error missing script: start
11 error If you need help, you may report this error at:
11 error     <https://github.com/npm/npm/issues>
12 verbose exit [ 1, true ]
